<?xml version="1.0" encoding="UTF-8"?>
<!-- Generated by org.testng.reporters.JUnitReportReporter -->
<testsuite skipped="0" hostname="DESKTOP-3G8P0RD" name="com.dream.testcases.LoginTest" tests="2" failures="0" timestamp="16 三月 2018 10:58:33 GMT" time="49.067" errors="0">
  <testcase name="LoginFailTest" time="26.165" classname="com.dream.testcases.LoginTest"/>
  <testcase name="LoginSuccessTest" time="22.902" classname="com.dream.testcases.LoginTest"/>
</testsuite> <!-- com.dream.testcases.LoginTest -->
