<?xml version="1.0" encoding="UTF-8"?>
<!-- Generated by org.testng.reporters.JUnitReportReporter -->
<testsuite skipped="0" hostname="DESKTOP-3G8P0RD" name="com.dream.demo.LoginTest" tests="2" failures="0" timestamp="16 三月 2018 00:50:23 GMT" time="39.567" errors="0">
  <testcase name="LoginFailTest" time="20.589" classname="com.dream.demo.LoginTest"/>
  <testcase name="LoginSuccessTest" time="18.978" classname="com.dream.demo.LoginTest"/>
</testsuite> <!-- com.dream.demo.LoginTest -->
